# JRE version: OpenJDK Runtime Environment (8.0_252-b09) (build 1.8.0_252-8u252-b09-1~18.04-b09)
# Java VM: OpenJDK 64-Bit Server VM (25.252-b09 mixed mode linux-amd64 compressed oops)
Heap:
 def new generation   total 188480K, used 0K [0x0000000080000000, 0x000000008cc80000, 0x00000000aaaa0000)
  eden space 167552K,   0% used [0x0000000080000000, 0x0000000080000000, 0x000000008a3a0000)
  from space 20928K,   0% used [0x000000008b810000, 0x000000008b810000, 0x000000008cc80000)
  to   space 20928K,   0% used [0x000000008a3a0000, 0x000000008a3a0000, 0x000000008b810000)
 tenured generation   total 429868K, used 417560K [0x00000000aaaa0000, 0x00000000c4e6b000, 0x0000000100000000)
   the space 429868K,  97% used [0x00000000aaaa0000, 0x00000000c4266128, 0x00000000c4266200, 0x00000000c4e6b000)
 Metaspace       used 172004K, capacity 177948K, committed 178008K, reserved 1204224K
  class space    used 21107K, capacity 22351K, committed 22400K, reserved 1048576K
GC Heap History (10 events):
Event: 485,529 GC heap after
Heap after GC invocations=117 (full 8):
 def new generation   total 188480K, used 20927K [0x0000000080000000, 0x000000008cc80000, 0x00000000aaaa0000)
  eden space 167552K,   0% used [0x0000000080000000, 0x0000000080000000, 0x000000008a3a0000)
  from space 20928K,  99% used [0x000000008a3a0000, 0x000000008b80fff8, 0x000000008b810000)
  to   space 20928K,   0% used [0x000000008b810000, 0x000000008b810000, 0x000000008cc80000)
 tenured generation   total 418408K, used 268438K [0x00000000aaaa0000, 0x00000000c433a000, 0x0000000100000000)
   the space 418408K,  64% used [0x00000000aaaa0000, 0x00000000bb0c5a80, 0x00000000bb0c5c00, 0x00000000c433a000)
 Metaspace       used 169031K, capacity 174676K, committed 174808K, reserved 1202176K
  class space    used 20763K, capacity 21969K, committed 22016K, reserved 1048576K
}
Event: 488,322 GC heap before
{Heap before GC invocations=117 (full 8):
 def new generation   total 188480K, used 188479K [0x0000000080000000, 0x000000008cc80000, 0x00000000aaaa0000)
  eden space 167552K, 100% used [0x0000000080000000, 0x000000008a3a0000, 0x000000008a3a0000)
  from space 20928K,  99% used [0x000000008a3a0000, 0x000000008b80fff8, 0x000000008b810000)
  to   space 20928K,   0% used [0x000000008b810000, 0x000000008b810000, 0x000000008cc80000)
 tenured generation   total 418408K, used 268438K [0x00000000aaaa0000, 0x00000000c433a000, 0x0000000100000000)
   the space 418408K,  64% used [0x00000000aaaa0000, 0x00000000bb0c5a80, 0x00000000bb0c5c00, 0x00000000c433a000)
 Metaspace       used 169100K, capacity 174776K, committed 175064K, reserved 1202176K
  class space    used 20773K, capacity 21975K, committed 22016K, reserved 1048576K
Event: 488,833 GC heap after
Heap after GC invocations=118 (full 8):
 def new generation   total 188480K, used 20927K [0x0000000080000000, 0x000000008cc80000, 0x00000000aaaa0000)
  eden space 167552K,   0% used [0x0000000080000000, 0x0000000080000000, 0x000000008a3a0000)
  from space 20928K,  99% used [0x000000008b810000, 0x000000008cc7fff8, 0x000000008cc80000)
  to   space 20928K,   0% used [0x000000008a3a0000, 0x000000008a3a0000, 0x000000008b810000)
 tenured generation   total 418408K, used 309348K [0x00000000aaaa0000, 0x00000000c433a000, 0x0000000100000000)
   the space 418408K,  73% used [0x00000000aaaa0000, 0x00000000bd8b9328, 0x00000000bd8b9400, 0x00000000c433a000)
 Metaspace       used 169100K, capacity 174776K, committed 175064K, reserved 1202176K
  class space    used 20773K, capacity 21975K, committed 22016K, reserved 1048576K
}
Event: 490,200 GC heap before
{Heap before GC invocations=118 (full 8):
 def new generation   total 188480K, used 188479K [0x0000000080000000, 0x000000008cc80000, 0x00000000aaaa0000)
  eden space 167552K, 100% used [0x0000000080000000, 0x000000008a3a0000, 0x000000008a3a0000)
  from space 20928K,  99% used [0x000000008b810000, 0x000000008cc7fff8, 0x000000008cc80000)
  to   space 20928K,   0% used [0x000000008a3a0000, 0x000000008a3a0000, 0x000000008b810000)
 tenured generation   total 418408K, used 309348K [0x00000000aaaa0000, 0x00000000c433a000, 0x0000000100000000)
   the space 418408K,  73% used [0x00000000aaaa0000, 0x00000000bd8b9328, 0x00000000bd8b9400, 0x00000000c433a000)
 Metaspace       used 169100K, capacity 174776K, committed 175064K, reserved 1202176K
  class space    used 20773K, capacity 21975K, committed 22016K, reserved 1048576K
Event: 490,628 GC heap after
Heap after GC invocations=119 (full 8):
 def new generation   total 188480K, used 20928K [0x0000000080000000, 0x000000008cc80000, 0x00000000aaaa0000)
  eden space 167552K,   0% used [0x0000000080000000, 0x0000000080000000, 0x000000008a3a0000)
  from space 20928K, 100% used [0x000000008a3a0000, 0x000000008b810000, 0x000000008b810000)
  to   space 20928K,   0% used [0x000000008b810000, 0x000000008b810000, 0x000000008cc80000)
 tenured generation   total 418408K, used 347604K [0x00000000aaaa0000, 0x00000000c433a000, 0x0000000100000000)
   the space 418408K,  83% used [0x00000000aaaa0000, 0x00000000bfe15360, 0x00000000bfe15400, 0x00000000c433a000)
 Metaspace       used 169100K, capacity 174776K, committed 175064K, reserved 1202176K
  class space    used 20773K, capacity 21975K, committed 22016K, reserved 1048576K
}
Event: 495,300 GC heap before
{Heap before GC invocations=119 (full 8):
 def new generation   total 188480K, used 188480K [0x0000000080000000, 0x000000008cc80000, 0x00000000aaaa0000)
  eden space 167552K, 100% used [0x0000000080000000, 0x000000008a3a0000, 0x000000008a3a0000)
  from space 20928K, 100% used [0x000000008a3a0000, 0x000000008b810000, 0x000000008b810000)
  to   space 20928K,   0% used [0x000000008b810000, 0x000000008b810000, 0x000000008cc80000)
 tenured generation   total 418408K, used 347604K [0x00000000aaaa0000, 0x00000000c433a000, 0x0000000100000000)
   the space 418408K,  83% used [0x00000000aaaa0000, 0x00000000bfe15360, 0x00000000bfe15400, 0x00000000c433a000)
 Metaspace       used 171150K, capacity 176938K, committed 177112K, reserved 1204224K
  class space    used 21018K, capacity 22230K, committed 22272K, reserved 1048576K
Event: 495,802 GC heap after
Heap after GC invocations=120 (full 8):
 def new generation   total 188480K, used 20927K [0x0000000080000000, 0x000000008cc80000, 0x00000000aaaa0000)
  eden space 167552K,   0% used [0x0000000080000000, 0x0000000080000000, 0x000000008a3a0000)
  from space 20928K,  99% used [0x000000008b810000, 0x000000008cc7fff8, 0x000000008cc80000)
  to   space 20928K,   0% used [0x000000008a3a0000, 0x000000008a3a0000, 0x000000008b810000)
 tenured generation   total 418408K, used 397489K [0x00000000aaaa0000, 0x00000000c433a000, 0x0000000100000000)
   the space 418408K,  95% used [0x00000000aaaa0000, 0x00000000c2ecc738, 0x00000000c2ecc800, 0x00000000c433a000)
 Metaspace       used 171150K, capacity 176938K, committed 177112K, reserved 1204224K
  class space    used 21018K, capacity 22230K, committed 22272K, reserved 1048576K
}
Event: 498,571 GC heap before
{Heap before GC invocations=120 (full 8):
 def new generation   total 188480K, used 188479K [0x0000000080000000, 0x000000008cc80000, 0x00000000aaaa0000)
  eden space 167552K, 100% used [0x0000000080000000, 0x000000008a3a0000, 0x000000008a3a0000)
  from space 20928K,  99% used [0x000000008b810000, 0x000000008cc7fff8, 0x000000008cc80000)
  to   space 20928K,   0% used [0x000000008a3a0000, 0x000000008a3a0000, 0x000000008b810000)
 tenured generation   total 418408K, used 397489K [0x00000000aaaa0000, 0x00000000c433a000, 0x0000000100000000)
   the space 418408K,  95% used [0x00000000aaaa0000, 0x00000000c2ecc738, 0x00000000c2ecc800, 0x00000000c433a000)
 Metaspace       used 171302K, capacity 177154K, committed 177368K, reserved 1204224K
  class space    used 21032K, capacity 22270K, committed 22272K, reserved 1048576K
Event: 498,815 GC heap after
Heap after GC invocations=121 (full 8):
 def new generation   total 188480K, used 11944K [0x0000000080000000, 0x000000008cc80000, 0x00000000aaaa0000)
  eden space 167552K,   0% used [0x0000000080000000, 0x0000000080000000, 0x000000008a3a0000)
  from space 20928K,  57% used [0x000000008a3a0000, 0x000000008af4a1f8, 0x000000008b810000)
  to   space 20928K,   0% used [0x000000008b810000, 0x000000008b810000, 0x000000008cc80000)
 tenured generation   total 418408K, used 418356K [0x00000000aaaa0000, 0x00000000c433a000, 0x0000000100000000)
   the space 418408K,  99% used [0x00000000aaaa0000, 0x00000000c432d110, 0x00000000c432d200, 0x00000000c433a000)
 Metaspace       used 171302K, capacity 177154K, committed 177368K, reserved 1204224K
  class space    used 21032K, capacity 22270K, committed 22272K, reserved 1048576K
}
Event: 502,581 GC heap before
{Heap before GC invocations=121 (full 8):
 def new generation   total 188480K, used 179496K [0x0000000080000000, 0x000000008cc80000, 0x00000000aaaa0000)
  eden space 167552K, 100% used [0x0000000080000000, 0x000000008a3a0000, 0x000000008a3a0000)
  from space 20928K,  57% used [0x000000008a3a0000, 0x000000008af4a1f8, 0x000000008b810000)
  to   space 20928K,   0% used [0x000000008b810000, 0x000000008b810000, 0x000000008cc80000)
 tenured generation   total 418408K, used 418356K [0x00000000aaaa0000, 0x00000000c433a000, 0x0000000100000000)
   the space 418408K,  99% used [0x00000000aaaa0000, 0x00000000c432d110, 0x00000000c432d200, 0x00000000c433a000)
 Metaspace       used 172004K, capacity 177948K, committed 178008K, reserved 1204224K
  class space    used 21107K, capacity 22351K, committed 22400K, reserved 1048576K

